<?xml version="1.0" encoding="UTF-8"?><testsuite name="nosetests" tests="6" errors="0" failures="0" skip="0"><testcase classname="tests.test1.TestCase1" name="test1" time="0.000"></testcase><testcase classname="tests.test1.TestCase1" name="test2" time="0.000"></testcase><testcase classname="tests.test1.TestCase1" name="test3" time="0.000"></testcase><testcase classname="tests.test1.TestCase1" name="test4" time="0.000"></testcase><testcase classname="tests.test1.TestCase1" name="test5" time="0.000"></testcase><testcase classname="tests.test1.TestCase1" name="test6" time="0.000"></testcase></testsuite>